0.2092 [-2.8866] Target Angle : 345
0.2092 [-2.8866] Start Y : 0
0.2092 [-2.8866] EulerAngles : -13.38212
0.2092 [-2.8866] 1 Complete : False
0.2092 [-2.8866] Updated Y : 346.6179
0.2618 [-2.8340] EulerAngles : -21.2627
0.2618 [-2.8340] 1 Complete : True
0.2618 [-2.8340] Updated Y : 345
3.0865 [-0.0093] Target Angle : 15
3.0865 [-0.0093] Start Y : 345
3.0865 [-0.0093] EulerAngles : 347.2306
3.0865 [-0.0093] 2 Complete : False
3.0865 [-0.0093] Updated Y : 347.2306
3.1257 [0.0299] EulerAngles : 353.106
3.1257 [0.0299] 2 Complete : False
3.1257 [0.0299] Updated Y : 353.106
3.1508 [0.0550] EulerAngles : 356.8712
3.1508 [0.0550] 2 Complete : False
3.1508 [0.0550] Updated Y : 356.8712
3.1780 [0.0822] EulerAngles : 360.9507
3.1780 [0.0822] 2 Complete : False
3.1780 [0.0822] Updated Y : 0.9506632
3.2043 [0.1085] EulerAngles : 364.8865
3.2043 [0.1085] 2 Complete : False
3.2043 [0.1085] Updated Y : 4.886546
3.2317 [0.1359] EulerAngles : 369.0013
3.2317 [0.1359] 2 Complete : False
3.2317 [0.1359] Updated Y : 9.001352
3.2600 [0.1642] EulerAngles : 373.2478
3.2600 [0.1642] 2 Complete : False
3.2600 [0.1642] Updated Y : 13.24779
3.2895 [0.1937] EulerAngles : 377.6716
3.2895 [0.1937] 2 Complete : True
3.2895 [0.1937] Updated Y : 15
3.8782 [0.7824] Target Angle : 345
3.8782 [0.7824] Start Y : 15
3.8782 [0.7824] EulerAngles : 12.87548
3.8782 [0.7824] 1 Complete : False
3.8782 [0.7824] Updated Y : 12.87548
3.9146 [0.8188] EulerAngles : 7.405801
3.9146 [0.8188] 1 Complete : False
3.9146 [0.8188] Updated Y : 7.405801
3.9403 [0.8445] EulerAngles : 3.553426
3.9403 [0.8445] 1 Complete : False
3.9403 [0.8445] Updated Y : 3.553426
3.9661 [0.8703] EulerAngles : -0.3140991
3.9661 [0.8703] 1 Complete : False
3.9661 [0.8703] Updated Y : 359.6859
3.9919 [0.8961] EulerAngles : -4.185269
3.9919 [0.8961] 1 Complete : False
3.9919 [0.8961] Updated Y : 355.8147
4.0177 [0.9219] EulerAngles : -8.04657
4.0177 [0.9219] 1 Complete : False
4.0177 [0.9219] Updated Y : 351.9534
4.0453 [0.9495] EulerAngles : -12.1977
4.0453 [0.9495] 1 Complete : False
4.0453 [0.9495] Updated Y : 347.8023
4.0724 [0.9766] EulerAngles : -16.26405
4.0724 [0.9766] 1 Complete : True
4.0724 [0.9766] Updated Y : 345
0.8157 [-2.2801] Target Angle : 345
0.8157 [-2.2801] Start Y : 0
0.8157 [-2.2801] EulerAngles : -3.75981
0.8157 [-2.2801] 1 Complete : False
0.8157 [-2.2801] Updated Y : 356.2402
0.8647 [-2.2311] EulerAngles : -11.10439
0.8647 [-2.2311] 1 Complete : False
0.8647 [-2.2311] Updated Y : 348.8956
0.9193 [-2.1765] EulerAngles : -19.29519
0.9193 [-2.1765] 1 Complete : True
0.9193 [-2.1765] Updated Y : 345
4.8809 [1.7851] Target Angle : 15
4.8809 [1.7851] Start Y : 345
4.8809 [1.7851] EulerAngles : 347.5203
4.8809 [1.7851] 2 Complete : False
4.8809 [1.7851] Updated Y : 347.5203
4.9192 [1.8234] EulerAngles : 353.2706
4.9192 [1.8234] 2 Complete : False
4.9192 [1.8234] Updated Y : 353.2706
4.9453 [1.8495] EulerAngles : 357.174
4.9453 [1.8495] 2 Complete : False
4.9453 [1.8495] Updated Y : 357.174
4.9733 [1.8775] EulerAngles : 361.3828
4.9733 [1.8775] 2 Complete : False
4.9733 [1.8775] Updated Y : 1.38285
5.0014 [1.9056] EulerAngles : 365.5877
5.0014 [1.9056] 2 Complete : False
5.0014 [1.9056] Updated Y : 5.587733
5.0292 [1.9334] EulerAngles : 369.7626
5.0292 [1.9334] 2 Complete : False
5.0292 [1.9334] Updated Y : 9.76259
5.0558 [1.9600] EulerAngles : 373.7573
5.0558 [1.9600] 2 Complete : False
5.0558 [1.9600] Updated Y : 13.7573
5.0834 [1.9876] EulerAngles : 377.8947
5.0834 [1.9876] 2 Complete : True
5.0834 [1.9876] Updated Y : 15
